<?xml version="1.0" encoding="UTF-8"?>
<!-- Generated by org.testng.reporters.JUnitReportReporter -->
<testsuite hostname="LTIN269754" failures="0" tests="1" name="TestCase.TC_003_GoogleLogin" time="32.711" errors="0" timestamp="2024-03-28T01:43:10 PDT" skipped="0">
  <testcase classname="TestCase.TC_003_GoogleLogin" name="verifyLoginPage" time="32.711"/>
  <system-out/>
</testsuite> <!-- TestCase.TC_003_GoogleLogin -->
