<?xml version="1.0" encoding="UTF-8"?>
<!-- Generated by org.testng.reporters.JUnitReportReporter -->
<testsuite hostname="LTIN269754" failures="0" tests="1" name="TestCase.TC_003_GoogleLogin" time="21.278" errors="0" timestamp="2024-03-29T01:58:03 PDT" skipped="0">
  <testcase classname="TestCase.TC_003_GoogleLogin" name="verifyLoginPage" time="21.278"/>
  <system-out/>
</testsuite> <!-- TestCase.TC_003_GoogleLogin -->
