<?xml version="1.0" encoding="UTF-8"?>
<!-- Generated by org.testng.reporters.JUnitReportReporter -->
<testsuite hostname="LTIN269754" failures="0" tests="2" name="TestCase.TC_001_UpcomingBikeDetails" time="137.312" errors="0" timestamp="2024-03-28T01:43:10 PDT" skipped="0">
  <testcase classname="TestCase.TC_001_UpcomingBikeDetails" name="clickUpcomingBikes" time="45.851"/>
  <system-out/>
  <testcase classname="TestCase.TC_001_UpcomingBikeDetails" name="clickNewBikes" time="91.461"/>
  <system-out/>
</testsuite> <!-- TestCase.TC_001_UpcomingBikeDetails -->
