<?xml version="1.0" encoding="UTF-8"?>
<!-- Generated by org.testng.reporters.JUnitReportReporter -->
<testsuite hostname="LTIN269754" failures="0" tests="2" name="TestCase.TC_001_UpcomingBikeDetails" time="32.574" errors="0" timestamp="2024-03-29T01:58:03 PDT" skipped="0">
  <testcase classname="TestCase.TC_001_UpcomingBikeDetails" name="clickUpcomingBikes" time="22.323"/>
  <system-out/>
  <testcase classname="TestCase.TC_001_UpcomingBikeDetails" name="clickNewBikes" time="10.251"/>
  <system-out/>
</testsuite> <!-- TestCase.TC_001_UpcomingBikeDetails -->
