<?xml version="1.0" encoding="UTF-8"?>
<!-- Generated by org.testng.reporters.JUnitReportReporter -->
<testsuite hostname="LTIN269754" failures="0" tests="1" name="TestCase.TC_002_UsedCarsDetails" time="19.938" errors="0" timestamp="2024-03-29T01:58:04 PDT" skipped="0">
  <testcase classname="TestCase.TC_002_UsedCarsDetails" name="UsedCarDetails" time="19.938"/>
  <system-out/>
</testsuite> <!-- TestCase.TC_002_UsedCarsDetails -->
