<?xml version="1.0" encoding="UTF-8"?>
<!-- Generated by org.testng.reporters.JUnitReportReporter -->
<testsuite hostname="LTIN269754" failures="0" tests="1" name="TestCase.TC_004_GoogleSignup" time="8.484" errors="0" timestamp="2024-03-28T01:43:10 PDT" skipped="0">
  <testcase classname="TestCase.TC_004_GoogleSignup" name="verifyLoginPage" time="8.484"/>
  <system-out/>
</testsuite> <!-- TestCase.TC_004_GoogleSignup -->
